<?xml version="1.0" encoding="UTF-8"?>
<testsuite name="simple.simple_cti.SimpleCtiApplicationTests" tests="1" skipped="0" failures="0" errors="0" timestamp="2025-10-14T12:59:46.746Z" hostname="DESKTOP-G8R09FU" time="0.736">
  <properties/>
  <testcase name="contextLoads()" classname="simple.simple_cti.SimpleCtiApplicationTests" time="0.736"/>
  <system-out><![CDATA[21:59:44.487 [Test worker] INFO org.springframework.test.context.support.AnnotationConfigContextLoaderUtils -- Could not detect default configuration classes for test class [simple.simple_cti.SimpleCtiApplicationTests]: SimpleCtiApplicationTests does not declare any static, non-private, non-final, nested classes annotated with @Configuration.
21:59:44.623 [Test worker] INFO org.springframework.boot.test.context.SpringBootTestContextBootstrapper -- Found @SpringBootConfiguration simple.simple_cti.SimpleCtiApplication for test class simple.simple_cti.SimpleCtiApplicationTests

  .   ____          _            __ _ _
 /\\ / ___'_ __ _ _(_)_ __  __ _ \ \ \ \
( ( )\___ | '_ | '_| | '_ \/ _` | \ \ \ \
 \\/  ___)| |_)| | | | | || (_| |  ) ) ) )
  '  |____| .__|_| |_|_| |_\__, | / / / /
 =========|_|==============|___/=/_/_/_/

 :: Spring Boot ::                (v3.5.6)

2025-10-14T21:59:45.140+09:00  INFO 1000 --- [Simple_CTI] [    Test worker] s.simple_cti.SimpleCtiApplicationTests   : Starting SimpleCtiApplicationTests using Java 17.0.12 with PID 1000 (started by gram in C:\workspace\Simple_CTI)
2025-10-14T21:59:45.140+09:00  INFO 1000 --- [Simple_CTI] [    Test worker] s.simple_cti.SimpleCtiApplicationTests   : No active profile set, falling back to 1 default profile: "default"
2025-10-14T21:59:46.418+09:00  INFO 1000 --- [Simple_CTI] [    Test worker] s.simple_cti.SimpleCtiApplicationTests   : Started SimpleCtiApplicationTests in 1.609 seconds (process running for 2.865)
2025-10-14T21:59:46.448+09:00  INFO 1000 --- [Simple_CTI] [    Test worker] o.a.m.internal.ManagerConnectionImpl     : Connecting to 192.168.1.155:5038
2025-10-14T21:59:46.544+09:00  INFO 1000 --- [Simple_CTI] [    Test worker] org.reflections.Reflections              : Reflections took 75 ms to scan 1 urls, producing 33 keys and 225 values
2025-10-14T21:59:46.643+09:00  INFO 1000 --- [Simple_CTI] [:AsyncEventPump] o.a.manager.internal.AsyncEventPump      : starting
2025-10-14T21:59:46.663+09:00  INFO 1000 --- [Simple_CTI] [:AsyncEventPump] o.a.m.internal.ManagerConnectionImpl     : Connected via Asterisk Call Manager/9.0.0
2025-10-14T21:59:46.703+09:00  INFO 1000 --- [Simple_CTI] [    Test worker] o.a.m.internal.ManagerConnectionImpl     : Successfully logged in
2025-10-14T21:59:46.703+09:00  INFO 1000 --- [Simple_CTI] [    Test worker] o.a.m.internal.ManagerConnectionImpl     : Got asterisk protocol identifier version Asterisk Call Manager/9.0.0
2025-10-14T21:59:46.727+09:00  INFO 1000 --- [Simple_CTI] [    Test worker] o.a.m.internal.ManagerConnectionImpl     : Determined Asterisk version: Asterisk 20
2025-10-14T21:59:46.728+09:00  INFO 1000 --- [Simple_CTI] [    Test worker] simple.simple_cti.SimpleCtiApplication   : AMI Connection State: CONNECTED
]]></system-out>
  <system-err><![CDATA[]]></system-err>
</testsuite>
